[2025-05-03 07:53:03] RUNNING: /Users/albertnel/Library/Application Support/Herd/bin/php /Users/albertnel/Herd/easypeasyfluent/scripts/run-job.php App\Services\UserSeederService seedUsers 21
[2025-05-03 07:53:04] COMPLETED: /Users/albertnel/Library/Application Support/Herd/bin/php /Users/albertnel/Herd/easypeasyfluent/scripts/run-job.php App\Services\UserSeederService seedUsers 21
[2025-05-03 09:05:44] RUNNING: /Users/albertnel/Library/Application Support/Herd/bin/php /Users/albertnel/Herd/easypeasyfluent/scripts/run-job.php App\Services\UserSeederService seedUsers 21
[2025-05-03 09:05:48] COMPLETED: /Users/albertnel/Library/Application Support/Herd/bin/php /Users/albertnel/Herd/easypeasyfluent/scripts/run-job.php App\Services\UserSeederService seedUsers 21
[2025-05-03 09:05:50] SUCCESS: Executed App\Services\UserSeederService::seedUsers with params [21]
[2025-05-03 09:08:10] SUCCESS: Executed App\Services\UserSeederService::seedUsers with params [21]
[2025-05-03 10:20:09] RUNNING: /Users/albertnel/Library/Application Support/Herd/bin/php /Users/albertnel/Herd/easypeasyfluent/scripts/run-job.php App\Services\UserSeederService seedUsers 21
[2025-05-03 10:20:09] COMPLETED: /Users/albertnel/Library/Application Support/Herd/bin/php /Users/albertnel/Herd/easypeasyfluent/scripts/run-job.php App\Services\UserSeederService seedUsers 21
[2025-05-03 10:20:15] SUCCESS: Executed App\Services\UserSeederService::seedUsers with params [21]
[2025-05-04 07:32:17] RUNNING: /Users/albertnel/Library/Application Support/Herd/bin/php /Users/albertnel/Herd/easypeasyfluent/scripts/run-job.php App\Services\UserSeederService seedUsers 21
[2025-05-04 07:32:17] COMPLETED: /Users/albertnel/Library/Application Support/Herd/bin/php /Users/albertnel/Herd/easypeasyfluent/scripts/run-job.php App\Services\UserSeederService seedUsers 21
[2025-05-04 07:32:37] RUNNING: /Users/albertnel/Library/Application Support/Herd/bin/php /Users/albertnel/Herd/easypeasyfluent/scripts/run-job.php App\Services\UserSeederService seedUsers 21
[2025-05-04 07:32:37] COMPLETED: /Users/albertnel/Library/Application Support/Herd/bin/php /Users/albertnel/Herd/easypeasyfluent/scripts/run-job.php App\Services\UserSeederService seedUsers 21
[2025-05-04 07:41:45] RUNNING: /Users/albertnel/Library/Application Support/Herd/bin/php /Users/albertnel/Herd/easypeasyfluent/scripts/run-job.php App\Services\UserSeederService seedUsers 21
[2025-05-04 07:41:47] COMPLETED: /Users/albertnel/Library/Application Support/Herd/bin/php /Users/albertnel/Herd/easypeasyfluent/scripts/run-job.php App\Services\UserSeederService seedUsers 21
[2025-05-04 07:44:11] RUNNING: /Users/albertnel/Library/Application Support/Herd/bin/php /Users/albertnel/Herd/easypeasyfluent/scripts/run-job.php App\Services\UserSeederService seedUsers 21
[2025-05-04 07:44:11] COMPLETED: /Users/albertnel/Library/Application Support/Herd/bin/php /Users/albertnel/Herd/easypeasyfluent/scripts/run-job.php App\Services\UserSeederService seedUsers 21
[2025-05-04 07:44:28] RUNNING: /Users/albertnel/Library/Application Support/Herd/bin/php /Users/albertnel/Herd/easypeasyfluent/scripts/run-job.php App\Services\UserSeederService seedUsers 21
[2025-05-04 07:44:29] COMPLETED: /Users/albertnel/Library/Application Support/Herd/bin/php /Users/albertnel/Herd/easypeasyfluent/scripts/run-job.php App\Services\UserSeederService seedUsers 21
[2025-05-04 07:47:23] RUNNING: /Users/albertnel/Library/Application Support/Herd/bin/php /Users/albertnel/Herd/easypeasyfluent/scripts/run-job.php App\Services\UserSeederService seedUsers 21
[2025-05-04 07:47:23] INFO: Received job request - Class: App\Services\UserSeederService, Method: seedUsers, Params: ["21"]
[2025-05-04 07:47:25] COMPLETED: /Users/albertnel/Library/Application Support/Herd/bin/php /Users/albertnel/Herd/easypeasyfluent/scripts/run-job.php App\Services\UserSeederService seedUsers 21
[2025-05-04 07:50:28] INFO: Received job request - Class: App\Services\UserSeederService, Method: seedUsersBreak, Params: ["21"]
[2025-05-04 07:51:05] INFO: Received job request - Class: App\Services\UserSeederService, Method: seedUsers, Params: ["21"]
[2025-05-04 07:52:42] INFO: Received job request - Class: App\Services\UserSeederService, Method: seedUsers, Params: ["21"]
[2025-05-04 07:53:05] INFO: Received job request - Class: App\Services\UserSeederService, Method: seedUsers, Params: ["21"]
[2025-05-04 07:54:01] INFO: Received job request - Class: App\Services\UserSeederService, Method: seedUsers, Params: ["21"]
[2025-05-04 08:00:33] INFO: Received job request - Class: App\Services\UserSeederService, Method: seedUsers, Params: ["21"]
[2025-05-04 08:01:06] SUCCESS: Executed App\Services\UserSeederService::seedUsers with params [21]
[2025-05-04 08:01:12] INFO: Received job request - Class: App\Services\UserSeederService, Method: seedUsers, Params: ["21"]
[2025-05-04 08:06:58] SUCCESS: Executed App\Services\UserSeederService::seedUsers with params [21]
[2025-05-04 08:07:05] INFO: Received job request - Class: App\Services\UserSeederService, Method: seedUsers, Params: ["21"]
[2025-05-04 08:08:25] INFO: Received job request - Class: App\Services\UserSeederService, Method: seedUsers, Params: ["21"]
[2025-05-04 08:14:06] SUCCESS: Executed App\Services\UserSeederService::seedUsers with params [21]
[2025-05-04 08:14:20] INFO: Received job request - Class: App\Services\UserSeederService, Method: seedUsers, Params: ["21"]
[2025-05-04 13:58:48] INFO: Received job request - Class: App\Services\UserSeederService, Method: seedUsers, Params: ["21"]
[2025-05-04 13:59:57] SUCCESS: Executed App\Services\UserSeederService::seedUsers with params [21]
[2025-05-04 14:00:07] INFO: Received job request - Class: App\Services\UserSeederService, Method: seedUsers, Params: ["21"]
[2025-05-04 14:01:18] INFO: Received job request - Class: App\Services\UserSeederService, Method: seedUsers, Params: ["21"]
[2025-05-04 14:01:29] SUCCESS: Executed App\Services\UserSeederService::seedUsers with params [21]
[2025-05-04 14:01:33] INFO: Received job request - Class: App\Services\UserSeederService, Method: seedUsers, Params: ["21"]
[2025-05-04 14:02:09] INFO: Received job request - Class: App\Services\UserSeederService, Method: seedUsers, Params: ["21"]
[2025-05-04 14:02:31] INFO: Received job request - Class: App\Services\UserSeederService, Method: seedUsers, Params: ["21"]
[2025-05-04 14:03:19] INFO: Received job request - Class: App\Services\UserSeederService, Method: seedUsers, Params: ["21"]
[2025-05-04 14:23:53] INFO: Received job request - Class: App\Services\UserSeederService, Method: seedUsers, Params: ["2"]
[2025-05-04 14:23:53] SUCCESS: Executed App\Services\UserSeederService::seedUsers with params [2]
[2025-05-04 14:24:11] INFO: Received job request - Class: App\Services\UserSeederService, Method: seedUsers, Params: ["2"]
[2025-05-04 14:24:11] SUCCESS: Executed App\Services\UserSeederService::seedUsers with params [2]
[2025-05-04 14:24:42] INFO: Received job request - Class: App\Services\UserSeederService, Method: seedUsers, Params: ["2"]
[2025-05-04 14:25:09] SUCCESS: Executed App\Services\UserSeederService::seedUsers with params [2]
[2025-05-04 14:26:51] INFO: Received job request - Class: App\Services\UserSeederService, Method: seedUsers, Params: ["2"]
[2025-05-04 14:27:06] INFO: Job scheduled as pending. Exiting script.
[2025-05-04 14:27:44] INFO: Received job request - Class: App\Services\UserSeederService, Method: seedUsers, Params: ["2"]
[2025-05-04 14:28:06] INFO: Received job request - Class: App\Services\UserSeederService, Method: seedUsers, Params: ["2"]
[2025-05-04 14:29:16] INFO: Received job request - Class: App\Services\UserSeederService, Method: seedUsers, Params: ["2"]
[2025-05-04 14:30:47] INFO: Received job request - Class: App\Services\UserSeederService, Method: seedUsers, Params: ["2"]
[2025-05-04 14:31:03] SUCCESS: Executed App\Services\UserSeederService::seedUsers with params [2]
